<?xml version="1.0" encoding="UTF-8"?>
<!-- Generated by org.testng.reporters.JUnitReportReporter -->
<testsuite skipped="0" hostname="Marcelas-MBP.fios-router.home" name="LoginPageTest" tests="2" failures="0" timestamp="2020-08-19T22:05:26 EDT" time="6.598" errors="0">
  <testcase name="verifyInvalidCredentials" time="3.560" classname="LoginPageTest"/>
  <system-out/>
  <testcase name="verifyErrorMessage" time="3.038" classname="LoginPageTest"/>
  <system-out/>
</testsuite> <!-- LoginPageTest -->
